<?xml version="1.0" encoding="UTF-8"?>
<testng-results skipped="0" failed="0" ignored="0" total="1" passed="1">
  <reporter-output>
  </reporter-output>
  <suite name="Default suite" duration-ms="63453" started-at="2019-12-17T09:37:37Z" finished-at="2019-12-17T09:38:40Z">
    <groups>
    </groups>
    <test name="Default test" duration-ms="63453" started-at="2019-12-17T09:37:37Z" finished-at="2019-12-17T09:38:40Z">
      <class name="TestScenarios.Page_loading">
        <test-method status="PASS" signature="setup()[pri:0, instance:TestScenarios.Page_loading@2928854b]" name="setup" is-config="true" duration-ms="57461" started-at="2019-12-17T09:37:37Z" finished-at="2019-12-17T09:38:34Z">
          <reporter-output>
          </reporter-output>
        </test-method> <!-- setup -->
        <test-method status="PASS" signature="Propine_Addition()[pri:0, instance:TestScenarios.Page_loading@2928854b]" name="Propine_Addition" duration-ms="1012" started-at="2019-12-17T09:38:34Z" finished-at="2019-12-17T09:38:35Z">
          <reporter-output>
          </reporter-output>
        </test-method> <!-- Propine_Addition -->
        <test-method status="PASS" signature="tearDown()[pri:0, instance:TestScenarios.Page_loading@2928854b]" name="tearDown" is-config="true" duration-ms="3777" started-at="2019-12-17T09:38:36Z" finished-at="2019-12-17T09:38:40Z">
          <reporter-output>
          </reporter-output>
        </test-method> <!-- tearDown -->
      </class> <!-- TestScenarios.Page_loading -->
    </test> <!-- Default test -->
  </suite> <!-- Default suite -->
</testng-results>
